<?xml version="1.0" encoding="UTF-8"?>
<!-- Generated by org.testng.reporters.JUnitReportReporter -->
<testsuite hostname="dell-PC" failures="0" tests="4" name="TestCases.Test_LogInPage" time="79.674" errors="0" timestamp="14 Jun 2025 19:53:28 GMT" skipped="0">
  <testcase classname="TestCases.Test_LogInPage" name="userLogInPage" time="16.886"/>
  <testcase classname="TestCases.Test_LogInPage" name="userLogInPage" time="24.381"/>
  <testcase classname="TestCases.Test_LogInPage" name="userLogInPage" time="19.502"/>
  <testcase classname="TestCases.Test_LogInPage" name="userLogInPage" time="18.905"/>
</testsuite> <!-- TestCases.Test_LogInPage -->
