<?xml version="1.0" encoding="UTF-8"?>
<!-- Generated by org.testng.reporters.JUnitReportReporter -->
<testsuite hostname="dell-PC" failures="0" tests="1" name="TestCases.Test_CreateAccount" time="41.837" errors="0" timestamp="14 Jun 2025 19:53:28 GMT" skipped="0">
  <testcase classname="TestCases.Test_CreateAccount" name="createMyAcc" time="41.837"/>
</testsuite> <!-- TestCases.Test_CreateAccount -->
